0 info it worked if it ends with ok
1 verbose cli [ 'C:\\Program Files\\nodejs\\node.exe',
1 verbose cli   'C:\\Users\\DELL\\AppData\\Roaming\\npm\\node_modules\\cnpm\\node_modules\\npm\\bin\\npm-cli.js',
1 verbose cli   '--userconfig=C:\\Users\\DELL\\.cnpmrc',
1 verbose cli   '--disturl=https://npm.taobao.org/mirrors/node',
1 verbose cli   '--registry=https://registry.npm.taobao.org',
1 verbose cli   'start' ]
2 info using npm@3.10.10
3 info using node@v8.2.1
4 verbose run-script [ 'prestart', 'start', 'poststart' ]
5 info lifecycle smartStation@0.1.0~prestart: smartStation@0.1.0
6 silly lifecycle smartStation@0.1.0~prestart: no script for prestart, continuing
7 info lifecycle smartStation@0.1.0~start: smartStation@0.1.0
8 verbose lifecycle smartStation@0.1.0~start: unsafe-perm in lifecycle true
9 verbose lifecycle smartStation@0.1.0~start: PATH: C:\Users\DELL\AppData\Roaming\npm\node_modules\cnpm\node_modules\npm\bin\node-gyp-bin;C:\work\smartStationBg\node_modules\.bin;C:\Program Files (x86)\Intel\iCLS Client\;C:\Program Files\Intel\iCLS Client\;C:\WINDOWS\system32;C:\WINDOWS;C:\WINDOWS\System32\Wbem;C:\WINDOWS\System32\WindowsPowerShell\v1.0\;C:\Program Files (x86)\Intel\Intel(R) Management Engine Components\DAL;C:\Program Files\Intel\Intel(R) Management Engine Components\DAL;C:\Program Files (x86)\Intel\Intel(R) Management Engine Components\IPT;C:\Program Files\Java\jdk1.8.0_101\bin;C:\Program Files (x86)\NVIDIA Corporation\PhysX\Common;C:\WINDOWS\system32;C:\WINDOWS;C:\WINDOWS\System32\Wbem;C:\WINDOWS\System32\WindowsPowerShell\v1.0\;C:\soft\mysql-5.7.14-winx64\bin;C:\soft\gradle-3.0\bin;C:\WINDOWS\system32\config\systemprofile\.dnx\bin;C:\Program Files\Microsoft DNX\Dnvm\;C:\Program Files\Microsoft SQL Server\120\Tools\Binn\;C:\Program Files (x86)\Microsoft SQL Server\110\Tools\Binn\;C:\Program Files\Microsoft SQL Server\110\Tools\Binn\;C:\Program Files\Microsoft SQL Server\110\DTS\Binn\;C:\Program Files (x86)\Microsoft SQL Server\110\Tools\Binn\ManagementStudio\;C:\Program Files (x86)\Microsoft SQL Server\110\DTS\Binn\;C:\Program Files\TortoiseSVN\bin;C:\soft\ffmpeg-win64-static\bin;C:\Program Files\nodejs\;C:\Program Files (x86)\SSH Communications Security\SSH Secure Shell;C:\soft\apache-maven-3.3.9\bin;C:\Users\DELL\AppData\Local\Microsoft\WindowsApps;C:\Program Files\Redis;C:\apache-ant-1.10.1\bin;C:\soft\ffmpeg-win64-static\bin;C:\Users\DELL\AppData\Roaming\npm
10 verbose lifecycle smartStation@0.1.0~start: CWD: C:\work\smartStationBg
11 silly lifecycle smartStation@0.1.0~start: Args: [ '/d /s /c', 'node bin/www' ]
12 silly lifecycle smartStation@0.1.0~start: Returned: code: 3221225786  signal: null
13 info lifecycle smartStation@0.1.0~start: Failed to exec start script
14 verbose stack Error: smartStation@0.1.0 start: `node bin/www`
14 verbose stack Exit status 3221225786
14 verbose stack     at EventEmitter.<anonymous> (C:\Users\DELL\AppData\Roaming\npm\node_modules\cnpm\node_modules\npm\lib\utils\lifecycle.js:255:16)
14 verbose stack     at emitTwo (events.js:125:13)
14 verbose stack     at EventEmitter.emit (events.js:213:7)
14 verbose stack     at ChildProcess.<anonymous> (C:\Users\DELL\AppData\Roaming\npm\node_modules\cnpm\node_modules\npm\lib\utils\spawn.js:40:14)
14 verbose stack     at emitTwo (events.js:125:13)
14 verbose stack     at ChildProcess.emit (events.js:213:7)
14 verbose stack     at maybeClose (internal/child_process.js:921:16)
14 verbose stack     at Process.ChildProcess._handle.onexit (internal/child_process.js:211:5)
15 verbose pkgid smartStation@0.1.0
16 verbose cwd C:\work\smartStationBg
17 error Windows_NT 10.0.14393
18 error argv "C:\\Program Files\\nodejs\\node.exe" "C:\\Users\\DELL\\AppData\\Roaming\\npm\\node_modules\\cnpm\\node_modules\\npm\\bin\\npm-cli.js" "--userconfig=C:\\Users\\DELL\\.cnpmrc" "--disturl=https://npm.taobao.org/mirrors/node" "--registry=https://registry.npm.taobao.org" "start"
19 error node v8.2.1
20 error npm  v3.10.10
21 error code ELIFECYCLE
22 error smartStation@0.1.0 start: `node bin/www`
22 error Exit status 3221225786
23 error Failed at the smartStation@0.1.0 start script 'node bin/www'.
23 error Make sure you have the latest version of node.js and npm installed.
23 error If you do, this is most likely a problem with the smartStation package,
23 error not with npm itself.
23 error Tell the author that this fails on your system:
23 error     node bin/www
23 error You can get information on how to open an issue for this project with:
23 error     npm bugs smartStation
23 error Or if that isn't available, you can get their info via:
23 error     npm owner ls smartStation
23 error There is likely additional logging output above.
24 verbose exit [ 1, true ]
